[2011-04-22 13:27:12.605] [DEBUG] and - try to get all mp3s of current users: 
[2011-04-22 13:28:12.121] [DEBUG] and - Express server listening on port %d
[2011-04-22 13:28:12.121] [DEBUG] and - Error: 3001
    at new LoggingEvent (/usr/local/lib/node/.npm/log4js/0.2.4/package/lib/log4js.js:253:26)
    at Logger.log (/usr/local/lib/node/.npm/log4js/0.2.4/package/lib/log4js.js:275:24)
    at Logger.debug (/usr/local/lib/node/.npm/log4js/0.2.4/package/lib/log4js.js:292:8)
    at Object.<anonymous> (/Volumes/macbox_cs/oliver/Dropbox/code/javascript/node/nodepad/app.js:252:9)
    at Module._compile (module.js:404:26)
    at Object..js (module.js:410:10)
    at Module.load (module.js:336:31)
    at Function._load (module.js:297:12)
    at Array.0 (module.js:423:10)
    at EventEmitter._tickCallback (node.js:126:26)
[2011-04-22 13:28:40.669] [DEBUG] and - Express server listening on port 3001
[2011-04-22 13:29:04.692] [INFO] and - Express server listening on port 3001
[2011-04-22 13:41:48.272] [INFO] and - Express server listening on port 3001
[2011-04-22 13:42:02.472] [DEBUG] and - try to get all mp3s of current users: 
[2011-04-22 13:42:13.695] [DEBUG] and - try to get all mp3s of current users: 
[2011-04-22 13:42:21.879] [DEBUG] and - try to get all mp3s of current users: 
[2011-04-22 13:51:24.007] [INFO] and - Express server listening on port 3001
[2011-04-22 13:51:33.877] [DEBUG] and - try to get all mp3s of current users: 
[2011-04-22 13:59:48.950] [INFO] and - Express server listening on port 3001
[2011-04-22 14:00:33.888] [INFO] and - Express server listening on port 3001
[2011-04-22 14:00:47.262] [DEBUG] and - loadUser middleware, req.session.user_id=4db15e7342ac749f4c000004
[2011-04-22 14:00:47.262] [DEBUG] and - loadUser: session found...
[2011-04-22 14:00:47.263] [DEBUG] and - loadUser: found valid user for sessions
[2011-04-22 14:00:47.263] [DEBUG] and - try to get all mp3s of current users: 
[2011-04-22 14:03:46.161] [DEBUG] and - loadUser middleware, req.session.user_id=undefined
[2011-04-22 14:03:46.162] [DEBUG] and - loadUser: no session, no logintoken
[2011-04-22 14:24:13.184] [INFO] and - Express server listening on port 3001
[2011-04-22 14:24:24.343] [DEBUG] and - loadUser middleware, req.session.user_id=4db091f263550dc248000002
[2011-04-22 14:24:24.343] [DEBUG] and - loadUser: session found...
[2011-04-22 14:24:24.344] [DEBUG] and - loadUser: found valid user for sessions
[2011-04-22 14:24:24.344] [DEBUG] and - try to get all mp3s of current users: 
[2011-04-22 14:25:56.427] [INFO] and - Express server listening on port 3001
[2011-04-22 14:28:54.327] [INFO] and - Express server listening on port 3001
[2011-04-22 14:28:58.450] [DEBUG] and - post for session:[object Object]
[2011-04-22 14:28:58.451] [DEBUG] and - post for session, Incorrect credentials
[2011-04-22 14:29:17.593] [DEBUG] and - post for session:[object Object]
[2011-04-22 14:29:17.595] [DEBUG] and - post for session, Incorrect credentials
[2011-04-22 14:29:32.240] [DEBUG] and - post for session:[object Object]
[2011-04-22 14:29:32.242] [DEBUG] and - post for session, Incorrect credentials
[2011-04-22 14:29:40.825] [DEBUG] and - post for session:[object Object]
[2011-04-22 14:29:40.826] [DEBUG] and - post for session,user seems authenticated
[2011-04-22 14:29:40.830] [DEBUG] and - loadUser middleware, req.session.user_id=4db15e7342ac749f4c000004
[2011-04-22 14:29:40.830] [DEBUG] and - loadUser: session found...
[2011-04-22 14:29:40.831] [DEBUG] and - loadUser: found valid user for sessions
[2011-04-22 14:29:40.831] [DEBUG] and - try to get all mp3s of current users: 
[2011-04-22 21:36:22.247] [INFO] and - Express server listening on port 3001
[2011-04-22 21:36:38.769] [DEBUG] and - loadUser middleware, req.session.user_id=undefined
[2011-04-22 21:36:38.769] [DEBUG] and - loadUser: no session, no logintoken
[2011-04-22 21:37:46.406] [DEBUG] and - post for session:[object Object]
[2011-04-22 21:37:46.408] [DEBUG] and - post for session, Incorrect credentials
[2011-04-22 21:37:49.528] [DEBUG] and - post for session:[object Object]
[2011-04-22 21:37:49.529] [DEBUG] and - post for session, Incorrect credentials
[2011-04-22 21:39:52.623] [INFO] and - Express server listening on port 3001
[2011-04-22 21:39:59.030] [DEBUG] and - post for session:[object Object]
[2011-04-22 21:39:59.031] [DEBUG] and - post for session, Incorrect credentials
[2011-04-22 21:41:10.950] [DEBUG] and - post for session:[object Object]
[2011-04-22 21:41:10.952] [DEBUG] and - post for session, Incorrect credentials
[2011-04-22 21:43:55.731] [DEBUG] and - post for session:[object Object]
[2011-04-22 21:43:55.732] [DEBUG] and - post for session, Incorrect credentials
[2011-04-22 21:44:03.677] [DEBUG] and - post for session:[object Object]
[2011-04-22 21:44:03.679] [DEBUG] and - post for session,user seems authenticated
[2011-04-22 21:44:03.683] [DEBUG] and - loadUser middleware, req.session.user_id=4db15e7342ac749f4c000004
[2011-04-22 21:44:03.684] [DEBUG] and - loadUser: session found...
[2011-04-22 21:44:03.684] [DEBUG] and - loadUser: found valid user for sessions
[2011-04-22 21:44:03.685] [DEBUG] and - try to get all mp3s of current users...
[2011-04-22 21:45:37.594] [DEBUG] and - loadUser middleware, req.session.user_id=4db15e7342ac749f4c000004
[2011-04-22 21:45:37.595] [DEBUG] and - loadUser: session found...
[2011-04-22 21:45:37.596] [DEBUG] and - loadUser: found valid user for sessions
[2011-04-22 21:45:37.597] [DEBUG] and - try to get all mp3s of current users...
[2011-04-22 21:56:27.825] [INFO] and - Express server listening on port 3001
[2011-04-22 21:56:33.784] [DEBUG] and - loadUser middleware, req.session.user_id=4db15e7342ac749f4c000004
[2011-04-22 21:56:33.784] [DEBUG] and - loadUser: session found...
[2011-04-22 21:56:33.786] [DEBUG] and - loadUser: found valid user for sessions
[2011-04-22 21:56:33.787] [DEBUG] and - try to get all mp3s of current users...
[2011-04-22 21:56:46.547] [DEBUG] and - loadUser middleware, req.session.user_id=4db15e7342ac749f4c000004
[2011-04-22 21:56:46.548] [DEBUG] and - loadUser: session found...
[2011-04-22 21:56:46.549] [DEBUG] and - loadUser: found valid user for sessions
[2011-04-22 21:56:46.549] [DEBUG] and - try to get all mp3s of current users...
[2011-04-22 21:56:58.188] [DEBUG] and - loadUser middleware, req.session.user_id=4db15e7342ac749f4c000004
[2011-04-22 21:56:58.188] [DEBUG] and - loadUser: session found...
[2011-04-22 21:56:58.189] [DEBUG] and - loadUser: found valid user for sessions
[2011-04-22 21:56:58.190] [DEBUG] and - try to get all mp3s of current users...
[2011-04-22 21:58:13.524] [DEBUG] and - loadUser middleware, req.session.user_id=4db15e7342ac749f4c000004
[2011-04-22 21:58:13.524] [DEBUG] and - loadUser: session found...
[2011-04-22 21:58:13.526] [DEBUG] and - loadUser: found valid user for sessions
[2011-04-22 21:58:13.526] [DEBUG] and - try to get all mp3s of current users...
[2011-04-22 21:58:32.229] [DEBUG] and - loadUser middleware, req.session.user_id=4db15e7342ac749f4c000004
[2011-04-22 21:58:32.230] [DEBUG] and - loadUser: session found...
[2011-04-22 21:58:32.233] [DEBUG] and - loadUser: found valid user for sessions
[2011-04-22 21:58:32.233] [DEBUG] and - try to get all mp3s of current users...
[2011-04-22 21:59:44.918] [DEBUG] and - loadUser middleware, req.session.user_id=4db15e7342ac749f4c000004
[2011-04-22 21:59:44.918] [DEBUG] and - loadUser: session found...
[2011-04-22 21:59:44.919] [DEBUG] and - loadUser: found valid user for sessions
[2011-04-22 21:59:44.919] [DEBUG] and - finish our session for current user: caro@test.de
[2011-04-22 21:59:55.419] [DEBUG] and - post for session:[object Object]
[2011-04-22 21:59:55.421] [DEBUG] and - post for session,user seems authenticated
[2011-04-22 21:59:55.425] [DEBUG] and - loadUser middleware, req.session.user_id=4db15e7342ac749f4c000004
[2011-04-22 21:59:55.425] [DEBUG] and - loadUser: session found...
[2011-04-22 21:59:55.426] [DEBUG] and - loadUser: found valid user for sessions
[2011-04-22 21:59:55.426] [DEBUG] and - try to get all mp3s of current users...
[2011-04-22 22:00:06.895] [DEBUG] and - loadUser middleware, req.session.user_id=4db15e7342ac749f4c000004
[2011-04-22 22:00:06.895] [DEBUG] and - loadUser: session found...
[2011-04-22 22:00:06.896] [DEBUG] and - loadUser: found valid user for sessions
[2011-04-22 22:00:06.897] [DEBUG] and - finish our session for current user: caro@test.de
